c:\grafica3d\mixed textures\mixed textures\debug\vc142.pdb
c:\grafica3d\mixed textures\mixed textures\debug\vc142.idb
c:\grafica3d\mixed textures\mixed textures\debug\mixed textures.obj
c:\grafica3d\mixed textures\debug\mixed textures.pdb
c:\grafica3d\mixed textures\mixed textures\debug\mixed textures.tlog\cl.command.1.tlog
c:\grafica3d\mixed textures\mixed textures\debug\mixed textures.tlog\cl.read.1.tlog
c:\grafica3d\mixed textures\mixed textures\debug\mixed textures.tlog\cl.write.1.tlog
c:\grafica3d\mixed textures\mixed textures\debug\mixed textures.tlog\link-cvtres.read.1.tlog
c:\grafica3d\mixed textures\mixed textures\debug\mixed textures.tlog\link-cvtres.write.1.tlog
c:\grafica3d\mixed textures\mixed textures\debug\mixed textures.tlog\link-rc.read.1.tlog
c:\grafica3d\mixed textures\mixed textures\debug\mixed textures.tlog\link-rc.write.1.tlog
c:\grafica3d\mixed textures\mixed textures\debug\mixed textures.tlog\link.5052-cvtres.read.1.tlog
c:\grafica3d\mixed textures\mixed textures\debug\mixed textures.tlog\link.5052-cvtres.write.1.tlog
c:\grafica3d\mixed textures\mixed textures\debug\mixed textures.tlog\link.5052-rc.read.1.tlog
c:\grafica3d\mixed textures\mixed textures\debug\mixed textures.tlog\link.5052-rc.write.1.tlog
c:\grafica3d\mixed textures\mixed textures\debug\mixed textures.tlog\link.5052.read.1.tlog
c:\grafica3d\mixed textures\mixed textures\debug\mixed textures.tlog\link.5052.write.1.tlog
c:\grafica3d\mixed textures\mixed textures\debug\mixed textures.tlog\link.command.1.tlog
c:\grafica3d\mixed textures\mixed textures\debug\mixed textures.tlog\link.read.1.tlog
c:\grafica3d\mixed textures\mixed textures\debug\mixed textures.tlog\link.write.1.tlog
